[2025-02-15T00:32:59.924+0000] {processor.py:186} INFO - Started process (PID=190) to work on /opt/airflow/dags/data_ingestion_local.py
[2025-02-15T00:32:59.925+0000] {processor.py:914} INFO - Processing file /opt/airflow/dags/data_ingestion_local.py for tasks to queue
[2025-02-15T00:32:59.927+0000] {logging_mixin.py:190} INFO - [2025-02-15T00:32:59.926+0000] {dagbag.py:588} INFO - Filling up the DagBag from /opt/airflow/dags/data_ingestion_local.py
[2025-02-15T00:33:01.132+0000] {processor.py:925} INFO - DAG(s) 'yellow_taxi_ingestion' retrieved from /opt/airflow/dags/data_ingestion_local.py
[2025-02-15T00:33:01.263+0000] {logging_mixin.py:190} INFO - [2025-02-15T00:33:01.263+0000] {override.py:1901} INFO - Created Permission View: can read on DAG:yellow_taxi_ingestion
[2025-02-15T00:33:01.278+0000] {logging_mixin.py:190} INFO - [2025-02-15T00:33:01.277+0000] {override.py:1901} INFO - Created Permission View: can delete on DAG:yellow_taxi_ingestion
[2025-02-15T00:33:01.286+0000] {logging_mixin.py:190} INFO - [2025-02-15T00:33:01.286+0000] {override.py:1901} INFO - Created Permission View: can edit on DAG:yellow_taxi_ingestion
[2025-02-15T00:33:01.297+0000] {logging_mixin.py:190} INFO - [2025-02-15T00:33:01.296+0000] {override.py:1901} INFO - Created Permission View: can create on DAG Run:yellow_taxi_ingestion
[2025-02-15T00:33:01.305+0000] {logging_mixin.py:190} INFO - [2025-02-15T00:33:01.305+0000] {override.py:1901} INFO - Created Permission View: can read on DAG Run:yellow_taxi_ingestion
[2025-02-15T00:33:01.315+0000] {logging_mixin.py:190} INFO - [2025-02-15T00:33:01.314+0000] {override.py:1901} INFO - Created Permission View: can delete on DAG Run:yellow_taxi_ingestion
[2025-02-15T00:33:01.322+0000] {logging_mixin.py:190} INFO - [2025-02-15T00:33:01.322+0000] {override.py:1901} INFO - Created Permission View: menu access on DAG Run:yellow_taxi_ingestion
[2025-02-15T00:33:01.323+0000] {logging_mixin.py:190} INFO - [2025-02-15T00:33:01.323+0000] {dag.py:3239} INFO - Sync 1 DAGs
[2025-02-15T00:33:01.338+0000] {logging_mixin.py:190} INFO - [2025-02-15T00:33:01.337+0000] {dag.py:3262} INFO - Creating ORM DAG for yellow_taxi_ingestion
[2025-02-15T00:33:01.351+0000] {logging_mixin.py:190} INFO - [2025-02-15T00:33:01.350+0000] {dag.py:4180} INFO - Setting next_dagrun for yellow_taxi_ingestion to 2021-01-02 06:00:00+00:00, run_after=2021-02-02 06:00:00+00:00
[2025-02-15T00:33:01.371+0000] {processor.py:208} INFO - Processing /opt/airflow/dags/data_ingestion_local.py took 1.452 seconds
[2025-02-15T00:33:31.582+0000] {processor.py:186} INFO - Started process (PID=196) to work on /opt/airflow/dags/data_ingestion_local.py
[2025-02-15T00:33:31.583+0000] {processor.py:914} INFO - Processing file /opt/airflow/dags/data_ingestion_local.py for tasks to queue
[2025-02-15T00:33:31.585+0000] {logging_mixin.py:190} INFO - [2025-02-15T00:33:31.584+0000] {dagbag.py:588} INFO - Filling up the DagBag from /opt/airflow/dags/data_ingestion_local.py
[2025-02-15T00:33:31.931+0000] {processor.py:925} INFO - DAG(s) 'yellow_taxi_ingestion' retrieved from /opt/airflow/dags/data_ingestion_local.py
[2025-02-15T00:33:31.951+0000] {logging_mixin.py:190} INFO - [2025-02-15T00:33:31.951+0000] {dag.py:3239} INFO - Sync 1 DAGs
[2025-02-15T00:33:31.970+0000] {logging_mixin.py:190} INFO - [2025-02-15T00:33:31.970+0000] {dag.py:4180} INFO - Setting next_dagrun for yellow_taxi_ingestion to 2021-01-02 06:00:00+00:00, run_after=2021-02-02 06:00:00+00:00
[2025-02-15T00:33:31.993+0000] {processor.py:208} INFO - Processing /opt/airflow/dags/data_ingestion_local.py took 0.417 seconds
[2025-02-15T00:34:02.212+0000] {processor.py:186} INFO - Started process (PID=202) to work on /opt/airflow/dags/data_ingestion_local.py
[2025-02-15T00:34:02.213+0000] {processor.py:914} INFO - Processing file /opt/airflow/dags/data_ingestion_local.py for tasks to queue
[2025-02-15T00:34:02.214+0000] {logging_mixin.py:190} INFO - [2025-02-15T00:34:02.214+0000] {dagbag.py:588} INFO - Filling up the DagBag from /opt/airflow/dags/data_ingestion_local.py
[2025-02-15T00:34:02.563+0000] {processor.py:925} INFO - DAG(s) 'yellow_taxi_ingestion' retrieved from /opt/airflow/dags/data_ingestion_local.py
[2025-02-15T00:34:02.582+0000] {logging_mixin.py:190} INFO - [2025-02-15T00:34:02.582+0000] {dag.py:3239} INFO - Sync 1 DAGs
[2025-02-15T00:34:02.601+0000] {logging_mixin.py:190} INFO - [2025-02-15T00:34:02.601+0000] {dag.py:4180} INFO - Setting next_dagrun for yellow_taxi_ingestion to 2021-01-02 06:00:00+00:00, run_after=2021-02-02 06:00:00+00:00
[2025-02-15T00:34:02.624+0000] {processor.py:208} INFO - Processing /opt/airflow/dags/data_ingestion_local.py took 0.417 seconds
[2025-02-15T00:34:32.822+0000] {processor.py:186} INFO - Started process (PID=208) to work on /opt/airflow/dags/data_ingestion_local.py
[2025-02-15T00:34:32.823+0000] {processor.py:914} INFO - Processing file /opt/airflow/dags/data_ingestion_local.py for tasks to queue
[2025-02-15T00:34:32.825+0000] {logging_mixin.py:190} INFO - [2025-02-15T00:34:32.825+0000] {dagbag.py:588} INFO - Filling up the DagBag from /opt/airflow/dags/data_ingestion_local.py
[2025-02-15T00:34:33.207+0000] {processor.py:925} INFO - DAG(s) 'yellow_taxi_ingestion' retrieved from /opt/airflow/dags/data_ingestion_local.py
[2025-02-15T00:34:33.228+0000] {logging_mixin.py:190} INFO - [2025-02-15T00:34:33.227+0000] {dag.py:3239} INFO - Sync 1 DAGs
[2025-02-15T00:34:33.251+0000] {logging_mixin.py:190} INFO - [2025-02-15T00:34:33.250+0000] {dag.py:4180} INFO - Setting next_dagrun for yellow_taxi_ingestion to 2021-01-02 06:00:00+00:00, run_after=2021-02-02 06:00:00+00:00
[2025-02-15T00:34:33.274+0000] {processor.py:208} INFO - Processing /opt/airflow/dags/data_ingestion_local.py took 0.457 seconds
[2025-02-15T00:35:03.486+0000] {processor.py:186} INFO - Started process (PID=214) to work on /opt/airflow/dags/data_ingestion_local.py
[2025-02-15T00:35:03.487+0000] {processor.py:914} INFO - Processing file /opt/airflow/dags/data_ingestion_local.py for tasks to queue
[2025-02-15T00:35:03.489+0000] {logging_mixin.py:190} INFO - [2025-02-15T00:35:03.489+0000] {dagbag.py:588} INFO - Filling up the DagBag from /opt/airflow/dags/data_ingestion_local.py
[2025-02-15T00:35:03.853+0000] {processor.py:925} INFO - DAG(s) 'yellow_taxi_ingestion' retrieved from /opt/airflow/dags/data_ingestion_local.py
[2025-02-15T00:35:03.873+0000] {logging_mixin.py:190} INFO - [2025-02-15T00:35:03.872+0000] {dag.py:3239} INFO - Sync 1 DAGs
[2025-02-15T00:35:03.895+0000] {logging_mixin.py:190} INFO - [2025-02-15T00:35:03.895+0000] {dag.py:4180} INFO - Setting next_dagrun for yellow_taxi_ingestion to 2021-01-02 06:00:00+00:00, run_after=2021-02-02 06:00:00+00:00
[2025-02-15T00:35:03.914+0000] {processor.py:208} INFO - Processing /opt/airflow/dags/data_ingestion_local.py took 0.435 seconds
[2025-02-15T00:35:34.132+0000] {processor.py:186} INFO - Started process (PID=220) to work on /opt/airflow/dags/data_ingestion_local.py
[2025-02-15T00:35:34.133+0000] {processor.py:914} INFO - Processing file /opt/airflow/dags/data_ingestion_local.py for tasks to queue
[2025-02-15T00:35:34.135+0000] {logging_mixin.py:190} INFO - [2025-02-15T00:35:34.134+0000] {dagbag.py:588} INFO - Filling up the DagBag from /opt/airflow/dags/data_ingestion_local.py
[2025-02-15T00:35:34.510+0000] {processor.py:925} INFO - DAG(s) 'yellow_taxi_ingestion' retrieved from /opt/airflow/dags/data_ingestion_local.py
[2025-02-15T00:35:34.531+0000] {logging_mixin.py:190} INFO - [2025-02-15T00:35:34.530+0000] {dag.py:3239} INFO - Sync 1 DAGs
[2025-02-15T00:35:34.552+0000] {logging_mixin.py:190} INFO - [2025-02-15T00:35:34.552+0000] {dag.py:4180} INFO - Setting next_dagrun for yellow_taxi_ingestion to 2021-01-02 06:00:00+00:00, run_after=2021-02-02 06:00:00+00:00
[2025-02-15T00:35:34.579+0000] {processor.py:208} INFO - Processing /opt/airflow/dags/data_ingestion_local.py took 0.452 seconds
[2025-02-15T00:36:04.791+0000] {processor.py:186} INFO - Started process (PID=226) to work on /opt/airflow/dags/data_ingestion_local.py
[2025-02-15T00:36:04.792+0000] {processor.py:914} INFO - Processing file /opt/airflow/dags/data_ingestion_local.py for tasks to queue
[2025-02-15T00:36:04.794+0000] {logging_mixin.py:190} INFO - [2025-02-15T00:36:04.794+0000] {dagbag.py:588} INFO - Filling up the DagBag from /opt/airflow/dags/data_ingestion_local.py
[2025-02-15T00:36:05.163+0000] {processor.py:925} INFO - DAG(s) 'yellow_taxi_ingestion' retrieved from /opt/airflow/dags/data_ingestion_local.py
[2025-02-15T00:36:05.182+0000] {logging_mixin.py:190} INFO - [2025-02-15T00:36:05.182+0000] {dag.py:3239} INFO - Sync 1 DAGs
[2025-02-15T00:36:05.201+0000] {logging_mixin.py:190} INFO - [2025-02-15T00:36:05.201+0000] {dag.py:4180} INFO - Setting next_dagrun for yellow_taxi_ingestion to 2021-01-02 06:00:00+00:00, run_after=2021-02-02 06:00:00+00:00
[2025-02-15T00:36:05.219+0000] {processor.py:208} INFO - Processing /opt/airflow/dags/data_ingestion_local.py took 0.433 seconds
[2025-02-15T00:36:35.430+0000] {processor.py:186} INFO - Started process (PID=232) to work on /opt/airflow/dags/data_ingestion_local.py
[2025-02-15T00:36:35.431+0000] {processor.py:914} INFO - Processing file /opt/airflow/dags/data_ingestion_local.py for tasks to queue
[2025-02-15T00:36:35.433+0000] {logging_mixin.py:190} INFO - [2025-02-15T00:36:35.433+0000] {dagbag.py:588} INFO - Filling up the DagBag from /opt/airflow/dags/data_ingestion_local.py
[2025-02-15T00:36:35.801+0000] {processor.py:925} INFO - DAG(s) 'yellow_taxi_ingestion' retrieved from /opt/airflow/dags/data_ingestion_local.py
[2025-02-15T00:36:35.819+0000] {logging_mixin.py:190} INFO - [2025-02-15T00:36:35.819+0000] {dag.py:3239} INFO - Sync 1 DAGs
[2025-02-15T00:36:35.839+0000] {logging_mixin.py:190} INFO - [2025-02-15T00:36:35.839+0000] {dag.py:4180} INFO - Setting next_dagrun for yellow_taxi_ingestion to 2021-01-02 06:00:00+00:00, run_after=2021-02-02 06:00:00+00:00
[2025-02-15T00:36:35.863+0000] {processor.py:208} INFO - Processing /opt/airflow/dags/data_ingestion_local.py took 0.438 seconds
[2025-02-15T00:37:06.077+0000] {processor.py:186} INFO - Started process (PID=238) to work on /opt/airflow/dags/data_ingestion_local.py
[2025-02-15T00:37:06.078+0000] {processor.py:914} INFO - Processing file /opt/airflow/dags/data_ingestion_local.py for tasks to queue
[2025-02-15T00:37:06.080+0000] {logging_mixin.py:190} INFO - [2025-02-15T00:37:06.080+0000] {dagbag.py:588} INFO - Filling up the DagBag from /opt/airflow/dags/data_ingestion_local.py
[2025-02-15T00:37:06.432+0000] {processor.py:925} INFO - DAG(s) 'yellow_taxi_ingestion' retrieved from /opt/airflow/dags/data_ingestion_local.py
[2025-02-15T00:37:06.456+0000] {logging_mixin.py:190} INFO - [2025-02-15T00:37:06.455+0000] {dag.py:3239} INFO - Sync 1 DAGs
[2025-02-15T00:37:06.475+0000] {logging_mixin.py:190} INFO - [2025-02-15T00:37:06.475+0000] {dag.py:4180} INFO - Setting next_dagrun for yellow_taxi_ingestion to 2021-01-02 06:00:00+00:00, run_after=2021-02-02 06:00:00+00:00
[2025-02-15T00:37:06.497+0000] {processor.py:208} INFO - Processing /opt/airflow/dags/data_ingestion_local.py took 0.425 seconds
[2025-02-15T00:37:36.711+0000] {processor.py:186} INFO - Started process (PID=244) to work on /opt/airflow/dags/data_ingestion_local.py
[2025-02-15T00:37:36.713+0000] {processor.py:914} INFO - Processing file /opt/airflow/dags/data_ingestion_local.py for tasks to queue
[2025-02-15T00:37:36.715+0000] {logging_mixin.py:190} INFO - [2025-02-15T00:37:36.715+0000] {dagbag.py:588} INFO - Filling up the DagBag from /opt/airflow/dags/data_ingestion_local.py
[2025-02-15T00:37:37.122+0000] {processor.py:925} INFO - DAG(s) 'yellow_taxi_ingestion' retrieved from /opt/airflow/dags/data_ingestion_local.py
[2025-02-15T00:37:37.143+0000] {logging_mixin.py:190} INFO - [2025-02-15T00:37:37.142+0000] {dag.py:3239} INFO - Sync 1 DAGs
[2025-02-15T00:37:37.163+0000] {logging_mixin.py:190} INFO - [2025-02-15T00:37:37.163+0000] {dag.py:4180} INFO - Setting next_dagrun for yellow_taxi_ingestion to 2021-01-02 06:00:00+00:00, run_after=2021-02-02 06:00:00+00:00
[2025-02-15T00:37:37.181+0000] {processor.py:208} INFO - Processing /opt/airflow/dags/data_ingestion_local.py took 0.476 seconds
[2025-02-15T00:38:07.416+0000] {processor.py:186} INFO - Started process (PID=250) to work on /opt/airflow/dags/data_ingestion_local.py
[2025-02-15T00:38:07.417+0000] {processor.py:914} INFO - Processing file /opt/airflow/dags/data_ingestion_local.py for tasks to queue
[2025-02-15T00:38:07.419+0000] {logging_mixin.py:190} INFO - [2025-02-15T00:38:07.418+0000] {dagbag.py:588} INFO - Filling up the DagBag from /opt/airflow/dags/data_ingestion_local.py
[2025-02-15T00:38:07.751+0000] {processor.py:925} INFO - DAG(s) 'yellow_taxi_ingestion' retrieved from /opt/airflow/dags/data_ingestion_local.py
[2025-02-15T00:38:07.772+0000] {logging_mixin.py:190} INFO - [2025-02-15T00:38:07.772+0000] {dag.py:3239} INFO - Sync 1 DAGs
[2025-02-15T00:38:07.791+0000] {logging_mixin.py:190} INFO - [2025-02-15T00:38:07.791+0000] {dag.py:4180} INFO - Setting next_dagrun for yellow_taxi_ingestion to 2021-01-02 06:00:00+00:00, run_after=2021-02-02 06:00:00+00:00
[2025-02-15T00:38:07.810+0000] {processor.py:208} INFO - Processing /opt/airflow/dags/data_ingestion_local.py took 0.400 seconds
[2025-02-15T00:38:38.028+0000] {processor.py:186} INFO - Started process (PID=256) to work on /opt/airflow/dags/data_ingestion_local.py
[2025-02-15T00:38:38.029+0000] {processor.py:914} INFO - Processing file /opt/airflow/dags/data_ingestion_local.py for tasks to queue
[2025-02-15T00:38:38.032+0000] {logging_mixin.py:190} INFO - [2025-02-15T00:38:38.031+0000] {dagbag.py:588} INFO - Filling up the DagBag from /opt/airflow/dags/data_ingestion_local.py
[2025-02-15T00:38:38.369+0000] {processor.py:925} INFO - DAG(s) 'yellow_taxi_ingestion' retrieved from /opt/airflow/dags/data_ingestion_local.py
[2025-02-15T00:38:38.388+0000] {logging_mixin.py:190} INFO - [2025-02-15T00:38:38.388+0000] {dag.py:3239} INFO - Sync 1 DAGs
[2025-02-15T00:38:38.407+0000] {logging_mixin.py:190} INFO - [2025-02-15T00:38:38.407+0000] {dag.py:4180} INFO - Setting next_dagrun for yellow_taxi_ingestion to 2021-01-02 06:00:00+00:00, run_after=2021-02-02 06:00:00+00:00
[2025-02-15T00:38:38.423+0000] {processor.py:208} INFO - Processing /opt/airflow/dags/data_ingestion_local.py took 0.402 seconds
[2025-02-15T00:39:08.631+0000] {processor.py:186} INFO - Started process (PID=262) to work on /opt/airflow/dags/data_ingestion_local.py
[2025-02-15T00:39:08.632+0000] {processor.py:914} INFO - Processing file /opt/airflow/dags/data_ingestion_local.py for tasks to queue
[2025-02-15T00:39:08.634+0000] {logging_mixin.py:190} INFO - [2025-02-15T00:39:08.633+0000] {dagbag.py:588} INFO - Filling up the DagBag from /opt/airflow/dags/data_ingestion_local.py
[2025-02-15T00:39:09.005+0000] {processor.py:925} INFO - DAG(s) 'yellow_taxi_ingestion' retrieved from /opt/airflow/dags/data_ingestion_local.py
[2025-02-15T00:39:09.027+0000] {logging_mixin.py:190} INFO - [2025-02-15T00:39:09.026+0000] {dag.py:3239} INFO - Sync 1 DAGs
[2025-02-15T00:39:09.049+0000] {logging_mixin.py:190} INFO - [2025-02-15T00:39:09.049+0000] {dag.py:4180} INFO - Setting next_dagrun for yellow_taxi_ingestion to 2021-01-02 06:00:00+00:00, run_after=2021-02-02 06:00:00+00:00
[2025-02-15T00:39:09.073+0000] {processor.py:208} INFO - Processing /opt/airflow/dags/data_ingestion_local.py took 0.448 seconds
[2025-02-15T00:39:39.293+0000] {processor.py:186} INFO - Started process (PID=268) to work on /opt/airflow/dags/data_ingestion_local.py
[2025-02-15T00:39:39.294+0000] {processor.py:914} INFO - Processing file /opt/airflow/dags/data_ingestion_local.py for tasks to queue
[2025-02-15T00:39:39.296+0000] {logging_mixin.py:190} INFO - [2025-02-15T00:39:39.296+0000] {dagbag.py:588} INFO - Filling up the DagBag from /opt/airflow/dags/data_ingestion_local.py
[2025-02-15T00:39:39.668+0000] {processor.py:925} INFO - DAG(s) 'yellow_taxi_ingestion' retrieved from /opt/airflow/dags/data_ingestion_local.py
[2025-02-15T00:39:39.692+0000] {logging_mixin.py:190} INFO - [2025-02-15T00:39:39.692+0000] {dag.py:3239} INFO - Sync 1 DAGs
[2025-02-15T00:39:39.717+0000] {logging_mixin.py:190} INFO - [2025-02-15T00:39:39.717+0000] {dag.py:4180} INFO - Setting next_dagrun for yellow_taxi_ingestion to 2021-01-02 06:00:00+00:00, run_after=2021-02-02 06:00:00+00:00
[2025-02-15T00:39:39.736+0000] {processor.py:208} INFO - Processing /opt/airflow/dags/data_ingestion_local.py took 0.448 seconds
[2025-02-15T00:40:09.949+0000] {processor.py:186} INFO - Started process (PID=274) to work on /opt/airflow/dags/data_ingestion_local.py
[2025-02-15T00:40:09.950+0000] {processor.py:914} INFO - Processing file /opt/airflow/dags/data_ingestion_local.py for tasks to queue
[2025-02-15T00:40:09.952+0000] {logging_mixin.py:190} INFO - [2025-02-15T00:40:09.952+0000] {dagbag.py:588} INFO - Filling up the DagBag from /opt/airflow/dags/data_ingestion_local.py
[2025-02-15T00:40:10.320+0000] {processor.py:925} INFO - DAG(s) 'yellow_taxi_ingestion' retrieved from /opt/airflow/dags/data_ingestion_local.py
[2025-02-15T00:40:10.340+0000] {logging_mixin.py:190} INFO - [2025-02-15T00:40:10.340+0000] {dag.py:3239} INFO - Sync 1 DAGs
[2025-02-15T00:40:10.360+0000] {logging_mixin.py:190} INFO - [2025-02-15T00:40:10.360+0000] {dag.py:4180} INFO - Setting next_dagrun for yellow_taxi_ingestion to 2021-01-02 06:00:00+00:00, run_after=2021-02-02 06:00:00+00:00
[2025-02-15T00:40:10.383+0000] {processor.py:208} INFO - Processing /opt/airflow/dags/data_ingestion_local.py took 0.439 seconds
[2025-02-15T00:40:40.600+0000] {processor.py:186} INFO - Started process (PID=280) to work on /opt/airflow/dags/data_ingestion_local.py
[2025-02-15T00:40:40.601+0000] {processor.py:914} INFO - Processing file /opt/airflow/dags/data_ingestion_local.py for tasks to queue
[2025-02-15T00:40:40.603+0000] {logging_mixin.py:190} INFO - [2025-02-15T00:40:40.603+0000] {dagbag.py:588} INFO - Filling up the DagBag from /opt/airflow/dags/data_ingestion_local.py
[2025-02-15T00:40:40.977+0000] {processor.py:925} INFO - DAG(s) 'yellow_taxi_ingestion' retrieved from /opt/airflow/dags/data_ingestion_local.py
[2025-02-15T00:40:40.998+0000] {logging_mixin.py:190} INFO - [2025-02-15T00:40:40.998+0000] {dag.py:3239} INFO - Sync 1 DAGs
[2025-02-15T00:40:41.023+0000] {logging_mixin.py:190} INFO - [2025-02-15T00:40:41.022+0000] {dag.py:4180} INFO - Setting next_dagrun for yellow_taxi_ingestion to 2021-01-02 06:00:00+00:00, run_after=2021-02-02 06:00:00+00:00
[2025-02-15T00:40:41.043+0000] {processor.py:208} INFO - Processing /opt/airflow/dags/data_ingestion_local.py took 0.449 seconds
[2025-02-15T00:41:11.251+0000] {processor.py:186} INFO - Started process (PID=286) to work on /opt/airflow/dags/data_ingestion_local.py
[2025-02-15T00:41:11.252+0000] {processor.py:914} INFO - Processing file /opt/airflow/dags/data_ingestion_local.py for tasks to queue
[2025-02-15T00:41:11.254+0000] {logging_mixin.py:190} INFO - [2025-02-15T00:41:11.254+0000] {dagbag.py:588} INFO - Filling up the DagBag from /opt/airflow/dags/data_ingestion_local.py
[2025-02-15T00:41:11.580+0000] {processor.py:925} INFO - DAG(s) 'yellow_taxi_ingestion' retrieved from /opt/airflow/dags/data_ingestion_local.py
[2025-02-15T00:41:11.600+0000] {logging_mixin.py:190} INFO - [2025-02-15T00:41:11.600+0000] {dag.py:3239} INFO - Sync 1 DAGs
[2025-02-15T00:41:11.620+0000] {logging_mixin.py:190} INFO - [2025-02-15T00:41:11.620+0000] {dag.py:4180} INFO - Setting next_dagrun for yellow_taxi_ingestion to 2021-01-02 06:00:00+00:00, run_after=2021-02-02 06:00:00+00:00
[2025-02-15T00:41:11.643+0000] {processor.py:208} INFO - Processing /opt/airflow/dags/data_ingestion_local.py took 0.397 seconds
[2025-02-15T00:41:41.848+0000] {processor.py:186} INFO - Started process (PID=292) to work on /opt/airflow/dags/data_ingestion_local.py
[2025-02-15T00:41:41.849+0000] {processor.py:914} INFO - Processing file /opt/airflow/dags/data_ingestion_local.py for tasks to queue
[2025-02-15T00:41:41.851+0000] {logging_mixin.py:190} INFO - [2025-02-15T00:41:41.851+0000] {dagbag.py:588} INFO - Filling up the DagBag from /opt/airflow/dags/data_ingestion_local.py
[2025-02-15T00:41:42.221+0000] {processor.py:925} INFO - DAG(s) 'yellow_taxi_ingestion' retrieved from /opt/airflow/dags/data_ingestion_local.py
[2025-02-15T00:41:42.240+0000] {logging_mixin.py:190} INFO - [2025-02-15T00:41:42.240+0000] {dag.py:3239} INFO - Sync 1 DAGs
[2025-02-15T00:41:42.263+0000] {logging_mixin.py:190} INFO - [2025-02-15T00:41:42.263+0000] {dag.py:4180} INFO - Setting next_dagrun for yellow_taxi_ingestion to 2021-01-02 06:00:00+00:00, run_after=2021-02-02 06:00:00+00:00
[2025-02-15T00:41:42.285+0000] {processor.py:208} INFO - Processing /opt/airflow/dags/data_ingestion_local.py took 0.443 seconds
[2025-02-15T00:42:12.499+0000] {processor.py:186} INFO - Started process (PID=298) to work on /opt/airflow/dags/data_ingestion_local.py
[2025-02-15T00:42:12.500+0000] {processor.py:914} INFO - Processing file /opt/airflow/dags/data_ingestion_local.py for tasks to queue
[2025-02-15T00:42:12.502+0000] {logging_mixin.py:190} INFO - [2025-02-15T00:42:12.502+0000] {dagbag.py:588} INFO - Filling up the DagBag from /opt/airflow/dags/data_ingestion_local.py
[2025-02-15T00:42:12.829+0000] {processor.py:925} INFO - DAG(s) 'yellow_taxi_ingestion' retrieved from /opt/airflow/dags/data_ingestion_local.py
[2025-02-15T00:42:12.849+0000] {logging_mixin.py:190} INFO - [2025-02-15T00:42:12.848+0000] {dag.py:3239} INFO - Sync 1 DAGs
[2025-02-15T00:42:12.868+0000] {logging_mixin.py:190} INFO - [2025-02-15T00:42:12.868+0000] {dag.py:4180} INFO - Setting next_dagrun for yellow_taxi_ingestion to 2021-01-02 06:00:00+00:00, run_after=2021-02-02 06:00:00+00:00
[2025-02-15T00:42:12.891+0000] {processor.py:208} INFO - Processing /opt/airflow/dags/data_ingestion_local.py took 0.397 seconds
[2025-02-15T00:42:43.101+0000] {processor.py:186} INFO - Started process (PID=304) to work on /opt/airflow/dags/data_ingestion_local.py
[2025-02-15T00:42:43.102+0000] {processor.py:914} INFO - Processing file /opt/airflow/dags/data_ingestion_local.py for tasks to queue
[2025-02-15T00:42:43.104+0000] {logging_mixin.py:190} INFO - [2025-02-15T00:42:43.103+0000] {dagbag.py:588} INFO - Filling up the DagBag from /opt/airflow/dags/data_ingestion_local.py
[2025-02-15T00:42:43.493+0000] {processor.py:925} INFO - DAG(s) 'yellow_taxi_ingestion' retrieved from /opt/airflow/dags/data_ingestion_local.py
[2025-02-15T00:42:43.513+0000] {logging_mixin.py:190} INFO - [2025-02-15T00:42:43.513+0000] {dag.py:3239} INFO - Sync 1 DAGs
[2025-02-15T00:42:43.534+0000] {logging_mixin.py:190} INFO - [2025-02-15T00:42:43.534+0000] {dag.py:4180} INFO - Setting next_dagrun for yellow_taxi_ingestion to 2021-01-02 06:00:00+00:00, run_after=2021-02-02 06:00:00+00:00
[2025-02-15T00:42:43.551+0000] {processor.py:208} INFO - Processing /opt/airflow/dags/data_ingestion_local.py took 0.456 seconds
