[2025-02-15T00:32:59.849+0000] {manager.py:483} INFO - Processing files using up to 2 processes at a time 
[2025-02-15T00:32:59.849+0000] {manager.py:484} INFO - Process each file at most once every 30 seconds
[2025-02-15T00:32:59.850+0000] {manager.py:485} INFO - Checking for new files in /opt/airflow/dags every 300 seconds
[2025-02-15T00:32:59.850+0000] {manager.py:821} INFO - Searching for files in /opt/airflow/dags
[2025-02-15T00:32:59.860+0000] {manager.py:824} INFO - There are 1 files in /opt/airflow/dags
[2025-02-15T00:32:59.924+0000] {manager.py:997} INFO - 
================================================================================
DAG File Processing Stats

File Path                                    PID  Runtime      # DAGs    # Errors  Last Runtime    Last Run      Last # of DB Queries
-----------------------------------------  -----  ---------  --------  ----------  --------------  ----------  ----------------------
/opt/airflow/dags/data_ingestion_local.py    190  0.02s             0           0                                                   0
================================================================================
[2025-02-15T00:33:30.107+0000] {manager.py:997} INFO - 
================================================================================
DAG File Processing Stats

File Path                                  PID    Runtime      # DAGs    # Errors  Last Runtime    Last Run               Last # of DB Queries
-----------------------------------------  -----  ---------  --------  ----------  --------------  -------------------  ----------------------
/opt/airflow/dags/data_ingestion_local.py                           1           0  1.48s           2025-02-15T00:33:01                      45
================================================================================
[2025-02-15T00:34:00.177+0000] {manager.py:997} INFO - 
================================================================================
DAG File Processing Stats

File Path                                  PID    Runtime      # DAGs    # Errors  Last Runtime    Last Run               Last # of DB Queries
-----------------------------------------  -----  ---------  --------  ----------  --------------  -------------------  ----------------------
/opt/airflow/dags/data_ingestion_local.py                           1           0  0.44s           2025-02-15T00:33:32                      12
================================================================================
[2025-02-15T00:34:30.359+0000] {manager.py:997} INFO - 
================================================================================
DAG File Processing Stats

File Path                                  PID    Runtime      # DAGs    # Errors  Last Runtime    Last Run               Last # of DB Queries
-----------------------------------------  -----  ---------  --------  ----------  --------------  -------------------  ----------------------
/opt/airflow/dags/data_ingestion_local.py                           1           0  0.44s           2025-02-15T00:34:02                      12
================================================================================
[2025-02-15T00:35:00.442+0000] {manager.py:997} INFO - 
================================================================================
DAG File Processing Stats

File Path                                  PID    Runtime      # DAGs    # Errors  Last Runtime    Last Run               Last # of DB Queries
-----------------------------------------  -----  ---------  --------  ----------  --------------  -------------------  ----------------------
/opt/airflow/dags/data_ingestion_local.py                           1           0  0.48s           2025-02-15T00:34:33                      12
================================================================================
[2025-02-15T00:35:30.624+0000] {manager.py:997} INFO - 
================================================================================
DAG File Processing Stats

File Path                                  PID    Runtime      # DAGs    # Errors  Last Runtime    Last Run               Last # of DB Queries
-----------------------------------------  -----  ---------  --------  ----------  --------------  -------------------  ----------------------
/opt/airflow/dags/data_ingestion_local.py                           1           0  0.46s           2025-02-15T00:35:03                      12
================================================================================
[2025-02-15T00:36:00.744+0000] {manager.py:997} INFO - 
================================================================================
DAG File Processing Stats

File Path                                  PID    Runtime      # DAGs    # Errors  Last Runtime    Last Run               Last # of DB Queries
-----------------------------------------  -----  ---------  --------  ----------  --------------  -------------------  ----------------------
/opt/airflow/dags/data_ingestion_local.py                           1           0  0.48s           2025-02-15T00:35:34                      12
================================================================================
[2025-02-15T00:36:30.926+0000] {manager.py:997} INFO - 
================================================================================
DAG File Processing Stats

File Path                                  PID    Runtime      # DAGs    # Errors  Last Runtime    Last Run               Last # of DB Queries
-----------------------------------------  -----  ---------  --------  ----------  --------------  -------------------  ----------------------
/opt/airflow/dags/data_ingestion_local.py                           1           0  0.46s           2025-02-15T00:36:05                      12
================================================================================
[2025-02-15T00:37:01.021+0000] {manager.py:997} INFO - 
================================================================================
DAG File Processing Stats

File Path                                  PID    Runtime      # DAGs    # Errors  Last Runtime    Last Run               Last # of DB Queries
-----------------------------------------  -----  ---------  --------  ----------  --------------  -------------------  ----------------------
/opt/airflow/dags/data_ingestion_local.py                           1           0  0.47s           2025-02-15T00:36:35                      12
================================================================================
[2025-02-15T00:37:31.211+0000] {manager.py:997} INFO - 
================================================================================
DAG File Processing Stats

File Path                                  PID    Runtime      # DAGs    # Errors  Last Runtime    Last Run               Last # of DB Queries
-----------------------------------------  -----  ---------  --------  ----------  --------------  -------------------  ----------------------
/opt/airflow/dags/data_ingestion_local.py                           1           0  0.45s           2025-02-15T00:37:06                      12
================================================================================
[2025-02-15T00:38:00.328+0000] {manager.py:821} INFO - Searching for files in /opt/airflow/dags
[2025-02-15T00:38:00.342+0000] {manager.py:824} INFO - There are 1 files in /opt/airflow/dags
[2025-02-15T00:38:01.356+0000] {manager.py:997} INFO - 
================================================================================
DAG File Processing Stats

File Path                                  PID    Runtime      # DAGs    # Errors  Last Runtime    Last Run               Last # of DB Queries
-----------------------------------------  -----  ---------  --------  ----------  --------------  -------------------  ----------------------
/opt/airflow/dags/data_ingestion_local.py                           1           0  0.50s           2025-02-15T00:37:37                      12
================================================================================
[2025-02-15T00:38:31.539+0000] {manager.py:997} INFO - 
================================================================================
DAG File Processing Stats

File Path                                  PID    Runtime      # DAGs    # Errors  Last Runtime    Last Run               Last # of DB Queries
-----------------------------------------  -----  ---------  --------  ----------  --------------  -------------------  ----------------------
/opt/airflow/dags/data_ingestion_local.py                           1           0  0.42s           2025-02-15T00:38:07                      12
================================================================================
[2025-02-15T00:39:01.570+0000] {manager.py:997} INFO - 
================================================================================
DAG File Processing Stats

File Path                                  PID    Runtime      # DAGs    # Errors  Last Runtime    Last Run               Last # of DB Queries
-----------------------------------------  -----  ---------  --------  ----------  --------------  -------------------  ----------------------
/opt/airflow/dags/data_ingestion_local.py                           1           0  0.43s           2025-02-15T00:38:38                      12
================================================================================
[2025-02-15T00:39:31.750+0000] {manager.py:997} INFO - 
================================================================================
DAG File Processing Stats

File Path                                  PID    Runtime      # DAGs    # Errors  Last Runtime    Last Run               Last # of DB Queries
-----------------------------------------  -----  ---------  --------  ----------  --------------  -------------------  ----------------------
/opt/airflow/dags/data_ingestion_local.py                           1           0  0.47s           2025-02-15T00:39:09                      12
================================================================================
[2025-02-15T00:40:01.880+0000] {manager.py:997} INFO - 
================================================================================
DAG File Processing Stats

File Path                                  PID    Runtime      # DAGs    # Errors  Last Runtime    Last Run               Last # of DB Queries
-----------------------------------------  -----  ---------  --------  ----------  --------------  -------------------  ----------------------
/opt/airflow/dags/data_ingestion_local.py                           1           0  0.48s           2025-02-15T00:39:39                      12
================================================================================
[2025-02-15T00:40:32.066+0000] {manager.py:997} INFO - 
================================================================================
DAG File Processing Stats

File Path                                  PID    Runtime      # DAGs    # Errors  Last Runtime    Last Run               Last # of DB Queries
-----------------------------------------  -----  ---------  --------  ----------  --------------  -------------------  ----------------------
/opt/airflow/dags/data_ingestion_local.py                           1           0  0.46s           2025-02-15T00:40:10                      12
================================================================================
[2025-02-15T00:41:02.178+0000] {manager.py:997} INFO - 
================================================================================
DAG File Processing Stats

File Path                                  PID    Runtime      # DAGs    # Errors  Last Runtime    Last Run               Last # of DB Queries
-----------------------------------------  -----  ---------  --------  ----------  --------------  -------------------  ----------------------
/opt/airflow/dags/data_ingestion_local.py                           1           0  0.47s           2025-02-15T00:40:41                      12
================================================================================
[2025-02-15T00:41:32.354+0000] {manager.py:997} INFO - 
================================================================================
DAG File Processing Stats

File Path                                  PID    Runtime      # DAGs    # Errors  Last Runtime    Last Run               Last # of DB Queries
-----------------------------------------  -----  ---------  --------  ----------  --------------  -------------------  ----------------------
/opt/airflow/dags/data_ingestion_local.py                           1           0  0.42s           2025-02-15T00:41:11                      12
================================================================================
[2025-02-15T00:42:02.419+0000] {manager.py:997} INFO - 
================================================================================
DAG File Processing Stats

File Path                                  PID    Runtime      # DAGs    # Errors  Last Runtime    Last Run               Last # of DB Queries
-----------------------------------------  -----  ---------  --------  ----------  --------------  -------------------  ----------------------
/opt/airflow/dags/data_ingestion_local.py                           1           0  0.47s           2025-02-15T00:41:42                      12
================================================================================
[2025-02-15T00:42:32.602+0000] {manager.py:997} INFO - 
================================================================================
DAG File Processing Stats

File Path                                  PID    Runtime      # DAGs    # Errors  Last Runtime    Last Run               Last # of DB Queries
-----------------------------------------  -----  ---------  --------  ----------  --------------  -------------------  ----------------------
/opt/airflow/dags/data_ingestion_local.py                           1           0  0.42s           2025-02-15T00:42:12                      12
================================================================================
[2025-02-15T00:43:00.662+0000] {manager.py:821} INFO - Searching for files in /opt/airflow/dags
[2025-02-15T00:43:00.675+0000] {manager.py:824} INFO - There are 1 files in /opt/airflow/dags
[2025-02-15T00:43:02.695+0000] {manager.py:997} INFO - 
================================================================================
DAG File Processing Stats

File Path                                  PID    Runtime      # DAGs    # Errors  Last Runtime    Last Run               Last # of DB Queries
-----------------------------------------  -----  ---------  --------  ----------  --------------  -------------------  ----------------------
/opt/airflow/dags/data_ingestion_local.py                           1           0  0.48s           2025-02-15T00:42:43                      12
================================================================================
[2025-02-15T00:43:32.874+0000] {manager.py:997} INFO - 
================================================================================
DAG File Processing Stats

File Path                                  PID    Runtime      # DAGs    # Errors  Last Runtime    Last Run               Last # of DB Queries
-----------------------------------------  -----  ---------  --------  ----------  --------------  -------------------  ----------------------
/opt/airflow/dags/data_ingestion_local.py                           1           0  0.44s           2025-02-15T00:43:14                      12
================================================================================
[2025-02-15T00:44:02.976+0000] {manager.py:997} INFO - 
================================================================================
DAG File Processing Stats

File Path                                  PID    Runtime      # DAGs    # Errors  Last Runtime    Last Run               Last # of DB Queries
-----------------------------------------  -----  ---------  --------  ----------  --------------  -------------------  ----------------------
/opt/airflow/dags/data_ingestion_local.py                           1           0  0.48s           2025-02-15T00:43:44                      12
================================================================================
[2025-02-15T00:44:33.678+0000] {manager.py:997} INFO - 
================================================================================
DAG File Processing Stats

File Path                                  PID    Runtime      # DAGs    # Errors  Last Runtime    Last Run               Last # of DB Queries
-----------------------------------------  -----  ---------  --------  ----------  --------------  -------------------  ----------------------
/opt/airflow/dags/data_ingestion_local.py                           1           0  0.67s           2025-02-15T00:44:15                      12
================================================================================
[2025-02-15T00:45:03.988+0000] {manager.py:997} INFO - 
================================================================================
DAG File Processing Stats

File Path                                  PID    Runtime      # DAGs    # Errors  Last Runtime    Last Run               Last # of DB Queries
-----------------------------------------  -----  ---------  --------  ----------  --------------  -------------------  ----------------------
/opt/airflow/dags/data_ingestion_local.py                           1           0  0.48s           2025-02-15T00:44:46                      12
================================================================================
[2025-02-15T00:45:34.010+0000] {manager.py:997} INFO - 
================================================================================
DAG File Processing Stats

File Path                                  PID    Runtime      # DAGs    # Errors  Last Runtime    Last Run               Last # of DB Queries
-----------------------------------------  -----  ---------  --------  ----------  --------------  -------------------  ----------------------
/opt/airflow/dags/data_ingestion_local.py                           1           0  0.50s           2025-02-15T00:45:16                      12
================================================================================
[2025-02-15T00:46:04.199+0000] {manager.py:997} INFO - 
================================================================================
DAG File Processing Stats

File Path                                  PID    Runtime      # DAGs    # Errors  Last Runtime    Last Run               Last # of DB Queries
-----------------------------------------  -----  ---------  --------  ----------  --------------  -------------------  ----------------------
/opt/airflow/dags/data_ingestion_local.py                           1           0  0.46s           2025-02-15T00:45:47                      12
================================================================================
[2025-02-15T00:46:34.314+0000] {manager.py:997} INFO - 
================================================================================
DAG File Processing Stats

File Path                                  PID    Runtime      # DAGs    # Errors  Last Runtime    Last Run               Last # of DB Queries
-----------------------------------------  -----  ---------  --------  ----------  --------------  -------------------  ----------------------
/opt/airflow/dags/data_ingestion_local.py                           1           0  0.48s           2025-02-15T00:46:18                      12
================================================================================
[2025-02-15T00:47:04.497+0000] {manager.py:997} INFO - 
================================================================================
DAG File Processing Stats

File Path                                  PID    Runtime      # DAGs    # Errors  Last Runtime    Last Run               Last # of DB Queries
-----------------------------------------  -----  ---------  --------  ----------  --------------  -------------------  ----------------------
/opt/airflow/dags/data_ingestion_local.py                           1           0  0.43s           2025-02-15T00:46:48                      12
================================================================================
[2025-02-15T00:47:34.629+0000] {manager.py:997} INFO - 
================================================================================
DAG File Processing Stats

File Path                                  PID    Runtime      # DAGs    # Errors  Last Runtime    Last Run               Last # of DB Queries
-----------------------------------------  -----  ---------  --------  ----------  --------------  -------------------  ----------------------
/opt/airflow/dags/data_ingestion_local.py                           1           0  0.53s           2025-02-15T00:47:19                      12
================================================================================
[2025-02-15T00:48:01.255+0000] {manager.py:821} INFO - Searching for files in /opt/airflow/dags
[2025-02-15T00:48:01.269+0000] {manager.py:824} INFO - There are 1 files in /opt/airflow/dags
[2025-02-15T00:48:05.304+0000] {manager.py:997} INFO - 
================================================================================
DAG File Processing Stats

File Path                                  PID    Runtime      # DAGs    # Errors  Last Runtime    Last Run               Last # of DB Queries
-----------------------------------------  -----  ---------  --------  ----------  --------------  -------------------  ----------------------
/opt/airflow/dags/data_ingestion_local.py                           1           0  0.49s           2025-02-15T00:47:50                      12
================================================================================
[2025-02-15T00:48:35.499+0000] {manager.py:997} INFO - 
================================================================================
DAG File Processing Stats

File Path                                  PID    Runtime      # DAGs    # Errors  Last Runtime    Last Run               Last # of DB Queries
-----------------------------------------  -----  ---------  --------  ----------  --------------  -------------------  ----------------------
/opt/airflow/dags/data_ingestion_local.py                           1           0  0.55s           2025-02-15T00:48:20                      12
================================================================================
[2025-02-15T00:49:05.680+0000] {manager.py:997} INFO - 
================================================================================
DAG File Processing Stats

File Path                                  PID    Runtime      # DAGs    # Errors  Last Runtime    Last Run               Last # of DB Queries
-----------------------------------------  -----  ---------  --------  ----------  --------------  -------------------  ----------------------
/opt/airflow/dags/data_ingestion_local.py                           1           0  0.49s           2025-02-15T00:48:51                      12
================================================================================
[2025-02-15T00:49:35.885+0000] {manager.py:997} INFO - 
================================================================================
DAG File Processing Stats

File Path                                  PID    Runtime      # DAGs    # Errors  Last Runtime    Last Run               Last # of DB Queries
-----------------------------------------  -----  ---------  --------  ----------  --------------  -------------------  ----------------------
/opt/airflow/dags/data_ingestion_local.py                           1           0  0.49s           2025-02-15T00:49:22                      12
================================================================================
[2025-02-15T00:50:06.072+0000] {manager.py:997} INFO - 
================================================================================
DAG File Processing Stats

File Path                                  PID    Runtime      # DAGs    # Errors  Last Runtime    Last Run               Last # of DB Queries
-----------------------------------------  -----  ---------  --------  ----------  --------------  -------------------  ----------------------
/opt/airflow/dags/data_ingestion_local.py                           1           0  0.62s           2025-02-15T00:49:53                      12
================================================================================
[2025-02-15T00:50:36.318+0000] {manager.py:997} INFO - 
================================================================================
DAG File Processing Stats

File Path                                  PID    Runtime      # DAGs    # Errors  Last Runtime    Last Run               Last # of DB Queries
-----------------------------------------  -----  ---------  --------  ----------  --------------  -------------------  ----------------------
/opt/airflow/dags/data_ingestion_local.py                           1           0  0.43s           2025-02-15T00:50:23                      12
================================================================================
[2025-02-15T00:51:06.861+0000] {manager.py:997} INFO - 
================================================================================
DAG File Processing Stats

File Path                                  PID    Runtime      # DAGs    # Errors  Last Runtime    Last Run               Last # of DB Queries
-----------------------------------------  -----  ---------  --------  ----------  --------------  -------------------  ----------------------
/opt/airflow/dags/data_ingestion_local.py                           1           0  0.44s           2025-02-15T00:50:54                      12
================================================================================
[2025-02-15T00:51:37.041+0000] {manager.py:997} INFO - 
================================================================================
DAG File Processing Stats

File Path                                  PID    Runtime      # DAGs    # Errors  Last Runtime    Last Run               Last # of DB Queries
-----------------------------------------  -----  ---------  --------  ----------  --------------  -------------------  ----------------------
/opt/airflow/dags/data_ingestion_local.py                           1           0  0.55s           2025-02-15T00:51:24                      12
================================================================================
[2025-02-15T00:52:07.653+0000] {manager.py:997} INFO - 
================================================================================
DAG File Processing Stats

File Path                                  PID    Runtime      # DAGs    # Errors  Last Runtime    Last Run               Last # of DB Queries
-----------------------------------------  -----  ---------  --------  ----------  --------------  -------------------  ----------------------
/opt/airflow/dags/data_ingestion_local.py                           1           0  0.48s           2025-02-15T00:51:55                      12
================================================================================
[2025-02-15T00:52:37.853+0000] {manager.py:997} INFO - 
================================================================================
DAG File Processing Stats

File Path                                  PID    Runtime      # DAGs    # Errors  Last Runtime    Last Run               Last # of DB Queries
-----------------------------------------  -----  ---------  --------  ----------  --------------  -------------------  ----------------------
/opt/airflow/dags/data_ingestion_local.py                           1           0  0.46s           2025-02-15T00:52:26                      12
================================================================================
[2025-02-15T00:53:01.434+0000] {manager.py:821} INFO - Searching for files in /opt/airflow/dags
[2025-02-15T00:53:01.447+0000] {manager.py:824} INFO - There are 1 files in /opt/airflow/dags
[2025-02-15T00:53:07.909+0000] {manager.py:997} INFO - 
================================================================================
DAG File Processing Stats

File Path                                  PID    Runtime      # DAGs    # Errors  Last Runtime    Last Run               Last # of DB Queries
-----------------------------------------  -----  ---------  --------  ----------  --------------  -------------------  ----------------------
/opt/airflow/dags/data_ingestion_local.py                           1           0  0.43s           2025-02-15T00:52:56                      12
================================================================================
[2025-02-15T00:53:38.087+0000] {manager.py:997} INFO - 
================================================================================
DAG File Processing Stats

File Path                                  PID    Runtime      # DAGs    # Errors  Last Runtime    Last Run               Last # of DB Queries
-----------------------------------------  -----  ---------  --------  ----------  --------------  -------------------  ----------------------
/opt/airflow/dags/data_ingestion_local.py                           1           0  0.49s           2025-02-15T00:53:27                      12
================================================================================
[2025-02-15T00:54:08.231+0000] {manager.py:997} INFO - 
================================================================================
DAG File Processing Stats

File Path                                  PID    Runtime      # DAGs    # Errors  Last Runtime    Last Run               Last # of DB Queries
-----------------------------------------  -----  ---------  --------  ----------  --------------  -------------------  ----------------------
/opt/airflow/dags/data_ingestion_local.py                           1           0  0.48s           2025-02-15T00:53:58                      12
================================================================================
[2025-02-15T00:54:38.407+0000] {manager.py:997} INFO - 
================================================================================
DAG File Processing Stats

File Path                                  PID    Runtime      # DAGs    # Errors  Last Runtime    Last Run               Last # of DB Queries
-----------------------------------------  -----  ---------  --------  ----------  --------------  -------------------  ----------------------
/opt/airflow/dags/data_ingestion_local.py                           1           0  0.46s           2025-02-15T00:54:28                      12
================================================================================
[2025-02-15T00:55:08.510+0000] {manager.py:997} INFO - 
================================================================================
DAG File Processing Stats

File Path                                  PID    Runtime      # DAGs    # Errors  Last Runtime    Last Run               Last # of DB Queries
-----------------------------------------  -----  ---------  --------  ----------  --------------  -------------------  ----------------------
/opt/airflow/dags/data_ingestion_local.py                           1           0  0.46s           2025-02-15T00:54:59                      12
================================================================================
[2025-02-15T00:55:39.238+0000] {manager.py:997} INFO - 
================================================================================
DAG File Processing Stats

File Path                                  PID    Runtime      # DAGs    # Errors  Last Runtime    Last Run               Last # of DB Queries
-----------------------------------------  -----  ---------  --------  ----------  --------------  -------------------  ----------------------
/opt/airflow/dags/data_ingestion_local.py                           1           0  0.56s           2025-02-15T00:55:30                      12
================================================================================
[2025-02-15T00:56:09.439+0000] {manager.py:997} INFO - 
================================================================================
DAG File Processing Stats

File Path                                  PID    Runtime      # DAGs    # Errors  Last Runtime    Last Run               Last # of DB Queries
-----------------------------------------  -----  ---------  --------  ----------  --------------  -------------------  ----------------------
/opt/airflow/dags/data_ingestion_local.py                           1           0  0.44s           2025-02-15T00:56:00                      12
================================================================================
[2025-02-15T00:56:39.488+0000] {manager.py:997} INFO - 
================================================================================
DAG File Processing Stats

File Path                                  PID    Runtime      # DAGs    # Errors  Last Runtime    Last Run               Last # of DB Queries
-----------------------------------------  -----  ---------  --------  ----------  --------------  -------------------  ----------------------
/opt/airflow/dags/data_ingestion_local.py                           1           0  0.43s           2025-02-15T00:56:31                      12
================================================================================
[2025-02-15T00:57:10.243+0000] {manager.py:997} INFO - 
================================================================================
DAG File Processing Stats

File Path                                  PID    Runtime      # DAGs    # Errors  Last Runtime    Last Run               Last # of DB Queries
-----------------------------------------  -----  ---------  --------  ----------  --------------  -------------------  ----------------------
/opt/airflow/dags/data_ingestion_local.py                           1           0  0.59s           2025-02-15T00:57:02                      12
================================================================================
[2025-02-15T00:57:40.449+0000] {manager.py:997} INFO - 
================================================================================
DAG File Processing Stats

File Path                                  PID    Runtime      # DAGs    # Errors  Last Runtime    Last Run               Last # of DB Queries
-----------------------------------------  -----  ---------  --------  ----------  --------------  -------------------  ----------------------
/opt/airflow/dags/data_ingestion_local.py                           1           0  0.43s           2025-02-15T00:57:32                      12
================================================================================
[2025-02-15T00:58:01.567+0000] {manager.py:821} INFO - Searching for files in /opt/airflow/dags
[2025-02-15T00:58:01.579+0000] {manager.py:824} INFO - There are 1 files in /opt/airflow/dags
[2025-02-15T00:58:10.499+0000] {manager.py:997} INFO - 
================================================================================
DAG File Processing Stats

File Path                                  PID    Runtime      # DAGs    # Errors  Last Runtime    Last Run               Last # of DB Queries
-----------------------------------------  -----  ---------  --------  ----------  --------------  -------------------  ----------------------
/opt/airflow/dags/data_ingestion_local.py                           1           0  0.45s           2025-02-15T00:58:03                      12
================================================================================
[2025-02-15T00:58:40.681+0000] {manager.py:997} INFO - 
================================================================================
DAG File Processing Stats

File Path                                  PID    Runtime      # DAGs    # Errors  Last Runtime    Last Run               Last # of DB Queries
-----------------------------------------  -----  ---------  --------  ----------  --------------  -------------------  ----------------------
/opt/airflow/dags/data_ingestion_local.py                           1           0  0.47s           2025-02-15T00:58:34                      12
================================================================================
[2025-02-15T00:59:10.774+0000] {manager.py:997} INFO - 
================================================================================
DAG File Processing Stats

File Path                                  PID    Runtime      # DAGs    # Errors  Last Runtime    Last Run               Last # of DB Queries
-----------------------------------------  -----  ---------  --------  ----------  --------------  -------------------  ----------------------
/opt/airflow/dags/data_ingestion_local.py                           1           0  0.46s           2025-02-15T00:59:04                      12
================================================================================
[2025-02-15T00:59:40.951+0000] {manager.py:997} INFO - 
================================================================================
DAG File Processing Stats

File Path                                  PID    Runtime      # DAGs    # Errors  Last Runtime    Last Run               Last # of DB Queries
-----------------------------------------  -----  ---------  --------  ----------  --------------  -------------------  ----------------------
/opt/airflow/dags/data_ingestion_local.py                           1           0  0.46s           2025-02-15T00:59:35                      12
================================================================================
[2025-02-15T01:00:11.138+0000] {manager.py:997} INFO - 
================================================================================
DAG File Processing Stats

File Path                                  PID    Runtime      # DAGs    # Errors  Last Runtime    Last Run               Last # of DB Queries
-----------------------------------------  -----  ---------  --------  ----------  --------------  -------------------  ----------------------
/opt/airflow/dags/data_ingestion_local.py                           1           0  0.56s           2025-02-15T01:00:06                      12
================================================================================
[2025-02-15T01:00:41.345+0000] {manager.py:997} INFO - 
================================================================================
DAG File Processing Stats

File Path                                  PID    Runtime      # DAGs    # Errors  Last Runtime    Last Run               Last # of DB Queries
-----------------------------------------  -----  ---------  --------  ----------  --------------  -------------------  ----------------------
/opt/airflow/dags/data_ingestion_local.py                           1           0  0.45s           2025-02-15T01:00:36                      12
================================================================================
[2025-02-15T01:01:11.435+0000] {manager.py:997} INFO - 
================================================================================
DAG File Processing Stats

File Path                                  PID    Runtime      # DAGs    # Errors  Last Runtime    Last Run               Last # of DB Queries
-----------------------------------------  -----  ---------  --------  ----------  --------------  -------------------  ----------------------
/opt/airflow/dags/data_ingestion_local.py                           1           0  0.47s           2025-02-15T01:01:07                      12
================================================================================
[2025-02-15T01:01:42.146+0000] {manager.py:997} INFO - 
================================================================================
DAG File Processing Stats

File Path                                  PID    Runtime      # DAGs    # Errors  Last Runtime    Last Run               Last # of DB Queries
-----------------------------------------  -----  ---------  --------  ----------  --------------  -------------------  ----------------------
/opt/airflow/dags/data_ingestion_local.py                           1           0  0.54s           2025-02-15T01:01:38                      12
================================================================================
[2025-02-15T01:02:12.345+0000] {manager.py:997} INFO - 
================================================================================
DAG File Processing Stats

File Path                                  PID    Runtime      # DAGs    # Errors  Last Runtime    Last Run               Last # of DB Queries
-----------------------------------------  -----  ---------  --------  ----------  --------------  -------------------  ----------------------
/opt/airflow/dags/data_ingestion_local.py                           1           0  0.43s           2025-02-15T01:02:08                      12
================================================================================
[2025-02-15T01:02:42.445+0000] {manager.py:997} INFO - 
================================================================================
DAG File Processing Stats

File Path                                  PID    Runtime      # DAGs    # Errors  Last Runtime    Last Run               Last # of DB Queries
-----------------------------------------  -----  ---------  --------  ----------  --------------  -------------------  ----------------------
/opt/airflow/dags/data_ingestion_local.py                           1           0  0.50s           2025-02-15T01:02:39                      12
================================================================================
[2025-02-15T01:03:02.057+0000] {manager.py:821} INFO - Searching for files in /opt/airflow/dags
[2025-02-15T01:03:02.070+0000] {manager.py:824} INFO - There are 1 files in /opt/airflow/dags
[2025-02-15T01:03:13.150+0000] {manager.py:997} INFO - 
================================================================================
DAG File Processing Stats

File Path                                  PID    Runtime      # DAGs    # Errors  Last Runtime    Last Run               Last # of DB Queries
-----------------------------------------  -----  ---------  --------  ----------  --------------  -------------------  ----------------------
/opt/airflow/dags/data_ingestion_local.py                           1           0  0.61s           2025-02-15T01:03:10                      12
================================================================================
